
> plus-server@0.0.0 start
> export NODE_ENV=production&& node ./bin/www

transaction_id: 4200001899202308312039607955
=============
undefined
=============

> plus-server@0.0.0 start
> export NODE_ENV=production&& node ./bin/www

222222
{
  avatar: null,
  defaultAddress: null,
  lastOperateTime: 2023-09-01T02:12:06.000Z,
  id: 1,
  nikeName: null,
  orderNumber: 0,
  receiveNumber: 0,
  identity: 0,
  client: 1
}
{
  avatar: null,
  defaultAddress: null,
  lastOperateTime: 2023-09-01T02:12:29.000Z,
  id: 1,
  nikeName: null,
  orderNumber: 0,
  receiveNumber: 0,
  identity: 3,
  client: 1
}
{
  avatar: null,
  defaultAddress: null,
  lastOperateTime: 2023-09-01T02:12:56.000Z,
  id: 1,
  nikeName: null,
  orderNumber: 0,
  receiveNumber: 0,
  identity: 1,
  client: 1
}
{
  avatar: null,
  defaultAddress: null,
  lastOperateTime: 2023-09-01T02:12:56.000Z,
  id: 1,
  nikeName: null,
  orderNumber: 0,
  receiveNumber: 0,
  identity: 1,
  client: 1
}
{
  avatar: null,
  defaultAddress: null,
  lastOperateTime: 2023-09-01T02:12:56.000Z,
  id: 1,
  nikeName: null,
  orderNumber: 0,
  receiveNumber: 0,
  identity: 1,
  client: 1
}
{
  avatar: null,
  defaultAddress: null,
  lastOperateTime: 2023-09-01T02:12:56.000Z,
  id: 1,
  nikeName: null,
  orderNumber: 0,
  receiveNumber: 0,
  identity: 1,
  client: 1
}
{
  avatar: null,
  defaultAddress: null,
  lastOperateTime: 2023-09-01T02:12:56.000Z,
  id: 1,
  nikeName: null,
  orderNumber: 0,
  receiveNumber: 0,
  identity: 1,
  client: 1
}
{
  avatar: null,
  defaultAddress: null,
  lastOperateTime: 2023-09-01T02:12:56.000Z,
  id: 1,
  nikeName: null,
  orderNumber: 0,
  receiveNumber: 0,
  identity: 1,
  client: 1
}
222222
222222
{
  avatar: null,
  defaultAddress: null,
  lastOperateTime: 2023-09-01T02:35:06.000Z,
  id: 3,
  nikeName: null,
  orderNumber: 0,
  receiveNumber: 0,
  identity: 0,
  client: 1
}
{
  avatar: null,
  defaultAddress: null,
  lastOperateTime: 2023-09-01T02:34:40.000Z,
  id: 2,
  nikeName: null,
  orderNumber: 0,
  receiveNumber: 0,
  identity: 0,
  client: 1
}
{
  avatar: null,
  defaultAddress: null,
  lastOperateTime: 2023-09-01T02:12:56.000Z,
  id: 1,
  nikeName: null,
  orderNumber: 0,
  receiveNumber: 0,
  identity: 1,
  client: 1
}
{
  avatar: null,
  defaultAddress: null,
  lastOperateTime: 2023-09-01T02:12:56.000Z,
  id: 1,
  nikeName: null,
  orderNumber: 0,
  receiveNumber: 0,
  identity: 1,
  client: 1
}
{
  avatar: null,
  defaultAddress: null,
  lastOperateTime: 2023-09-01T02:12:56.000Z,
  id: 1,
  nikeName: null,
  orderNumber: 0,
  receiveNumber: 0,
  identity: 1,
  client: 1
}
222222
{
  avatar: null,
  defaultAddress: null,
  lastOperateTime: 2023-09-01T03:41:59.000Z,
  id: 4,
  nikeName: null,
  orderNumber: 0,
  receiveNumber: 0,
  identity: 0,
  client: 1
}
{
  avatar: null,
  defaultAddress: null,
  lastOperateTime: 2023-09-01T03:41:59.000Z,
  id: 4,
  nikeName: null,
  orderNumber: 0,
  receiveNumber: 0,
  identity: 0,
  client: 1
}
{
  avatar: null,
  defaultAddress: null,
  lastOperateTime: 2023-09-01T03:41:59.000Z,
  id: 4,
  nikeName: null,
  orderNumber: 0,
  receiveNumber: 0,
  identity: 0,
  client: 1
}
{
  avatar: null,
  defaultAddress: null,
  lastOperateTime: 2023-09-01T03:44:43.000Z,
  id: 4,
  nikeName: null,
  orderNumber: 0,
  receiveNumber: 0,
  identity: 0,
  client: 1
}
{
  avatar: null,
  defaultAddress: null,
  lastOperateTime: 2023-09-01T03:44:43.000Z,
  id: 4,
  nikeName: null,
  orderNumber: 0,
  receiveNumber: 0,
  identity: 0,
  client: 1
}
{
  avatar: null,
  defaultAddress: null,
  lastOperateTime: 2023-09-01T03:44:43.000Z,
  id: 4,
  nikeName: null,
  orderNumber: 0,
  receiveNumber: 0,
  identity: 0,
  client: 1
}
{
  avatar: null,
  defaultAddress: null,
  lastOperateTime: 2023-09-01T03:44:43.000Z,
  id: 4,
  nikeName: null,
  orderNumber: 0,
  receiveNumber: 0,
  identity: 0,
  client: 1
}
{
  avatar: null,
  defaultAddress: null,
  lastOperateTime: 2023-09-01T02:12:56.000Z,
  id: 1,
  nikeName: null,
  orderNumber: 0,
  receiveNumber: 0,
  identity: 1,
  client: 1
}
{
  avatar: null,
  defaultAddress: null,
  lastOperateTime: 2023-09-01T03:44:43.000Z,
  id: 4,
  nikeName: null,
  orderNumber: 0,
  receiveNumber: 0,
  identity: 0,
  client: 1
}
{
  avatar: null,
  defaultAddress: null,
  lastOperateTime: 2023-09-01T02:12:56.000Z,
  id: 1,
  nikeName: null,
  orderNumber: 0,
  receiveNumber: 0,
  identity: 1,
  client: 1
}
{
  avatar: null,
  defaultAddress: null,
  lastOperateTime: 2023-09-01T02:12:56.000Z,
  id: 1,
  nikeName: null,
  orderNumber: 0,
  receiveNumber: 0,
  identity: 1,
  client: 1
}
{
  avatar: null,
  defaultAddress: null,
  lastOperateTime: 2023-09-01T02:12:56.000Z,
  id: 1,
  nikeName: null,
  orderNumber: 0,
  receiveNumber: 0,
  identity: 1,
  client: 1
}
{
  avatar: null,
  defaultAddress: null,
  lastOperateTime: 2023-09-01T02:12:56.000Z,
  id: 1,
  nikeName: null,
  orderNumber: 0,
  receiveNumber: 0,
  identity: 1,
  client: 1
}
{
  avatar: null,
  defaultAddress: null,
  lastOperateTime: 2023-09-01T02:12:56.000Z,
  id: 1,
  nikeName: null,
  orderNumber: 0,
  receiveNumber: 0,
  identity: 1,
  client: 1
}
{
  avatar: null,
  defaultAddress: null,
  lastOperateTime: 2023-09-01T02:12:56.000Z,
  id: 1,
  nikeName: null,
  orderNumber: 0,
  receiveNumber: 0,
  identity: 1,
  client: 1
}
{
  avatar: null,
  defaultAddress: null,
  lastOperateTime: 2023-09-01T02:12:56.000Z,
  id: 1,
  nikeName: null,
  orderNumber: 0,
  receiveNumber: 0,
  identity: 1,
  client: 1
}
{
  avatar: null,
  defaultAddress: null,
  lastOperateTime: 2023-09-01T02:12:56.000Z,
  id: 1,
  nikeName: null,
  orderNumber: 0,
  receiveNumber: 0,
  identity: 1,
  client: 1
}
{
  avatar: null,
  defaultAddress: null,
  lastOperateTime: 2023-09-01T02:12:56.000Z,
  id: 1,
  nikeName: null,
  orderNumber: 0,
  receiveNumber: 0,
  identity: 1,
  client: 1
}
{
  avatar: null,
  defaultAddress: null,
  lastOperateTime: 2023-09-01T03:44:43.000Z,
  id: 4,
  nikeName: null,
  orderNumber: 0,
  receiveNumber: 0,
  identity: 0,
  client: 1
}
{
  avatar: null,
  defaultAddress: null,
  lastOperateTime: 2023-09-01T03:44:43.000Z,
  id: 4,
  nikeName: null,
  orderNumber: 0,
  receiveNumber: 0,
  identity: 0,
  client: 1
}
{
  avatar: null,
  defaultAddress: null,
  lastOperateTime: 2023-09-01T02:12:56.000Z,
  id: 1,
  nikeName: null,
  orderNumber: 0,
  receiveNumber: 0,
  identity: 1,
  client: 1
}
{
  avatar: null,
  defaultAddress: null,
  lastOperateTime: 2023-09-01T02:12:56.000Z,
  id: 1,
  nikeName: null,
  orderNumber: 0,
  receiveNumber: 0,
  identity: 1,
  client: 1
}
{
  avatar: null,
  defaultAddress: null,
  lastOperateTime: 2023-09-01T02:12:56.000Z,
  id: 1,
  nikeName: null,
  orderNumber: 0,
  receiveNumber: 0,
  identity: 1,
  client: 1
}
{
  avatar: null,
  defaultAddress: null,
  lastOperateTime: 2023-09-01T02:12:56.000Z,
  id: 1,
  nikeName: null,
  orderNumber: 0,
  receiveNumber: 0,
  identity: 1,
  client: 1
}
{
  avatar: null,
  defaultAddress: null,
  lastOperateTime: 2023-09-01T02:12:56.000Z,
  id: 1,
  nikeName: null,
  orderNumber: 0,
  receiveNumber: 0,
  identity: 1,
  client: 1
}
{
  avatar: null,
  defaultAddress: null,
  lastOperateTime: 2023-09-01T02:12:56.000Z,
  id: 1,
  nikeName: null,
  orderNumber: 0,
  receiveNumber: 0,
  identity: 1,
  client: 1
}
{
  avatar: null,
  defaultAddress: null,
  lastOperateTime: 2023-09-01T03:44:43.000Z,
  id: 4,
  nikeName: null,
  orderNumber: 0,
  receiveNumber: 0,
  identity: 0,
  client: 1
}
{
  avatar: null,
  defaultAddress: null,
  lastOperateTime: 2023-09-01T02:12:56.000Z,
  id: 1,
  nikeName: null,
  orderNumber: 0,
  receiveNumber: 0,
  identity: 1,
  client: 1
}
{
  avatar: null,
  defaultAddress: null,
  lastOperateTime: 2023-09-01T02:12:56.000Z,
  id: 1,
  nikeName: null,
  orderNumber: 0,
  receiveNumber: 0,
  identity: 1,
  client: 1
}
{
  avatar: null,
  defaultAddress: null,
  lastOperateTime: 2023-09-01T02:12:56.000Z,
  id: 1,
  nikeName: null,
  orderNumber: 0,
  receiveNumber: 0,
  identity: 1,
  client: 1
}
{
  avatar: null,
  defaultAddress: null,
  lastOperateTime: 2023-09-01T02:12:56.000Z,
  id: 1,
  nikeName: null,
  orderNumber: 0,
  receiveNumber: 0,
  identity: 1,
  client: 1
}
{
  avatar: null,
  defaultAddress: null,
  lastOperateTime: 2023-09-01T02:12:56.000Z,
  id: 1,
  nikeName: null,
  orderNumber: 0,
  receiveNumber: 0,
  identity: 1,
  client: 1
}
{
  avatar: null,
  defaultAddress: null,
  lastOperateTime: 2023-09-01T02:12:56.000Z,
  id: 1,
  nikeName: null,
  orderNumber: 0,
  receiveNumber: 0,
  identity: 1,
  client: 1
}
{
  avatar: null,
  defaultAddress: null,
  lastOperateTime: 2023-09-01T02:12:56.000Z,
  id: 1,
  nikeName: null,
  orderNumber: 0,
  receiveNumber: 0,
  identity: 1,
  client: 1
}
{
  avatar: null,
  defaultAddress: null,
  lastOperateTime: 2023-09-01T03:44:43.000Z,
  id: 4,
  nikeName: null,
  orderNumber: 0,
  receiveNumber: 0,
  identity: 0,
  client: 1
}
{
  avatar: null,
  defaultAddress: null,
  lastOperateTime: 2023-09-01T02:12:56.000Z,
  id: 1,
  nikeName: null,
  orderNumber: 0,
  receiveNumber: 0,
  identity: 1,
  client: 1
}
{
  avatar: null,
  defaultAddress: null,
  lastOperateTime: 2023-09-01T02:12:56.000Z,
  id: 1,
  nikeName: null,
  orderNumber: 0,
  receiveNumber: 0,
  identity: 1,
  client: 1
}
{
  avatar: null,
  defaultAddress: null,
  lastOperateTime: 2023-09-01T02:12:56.000Z,
  id: 1,
  nikeName: null,
  orderNumber: 0,
  receiveNumber: 0,
  identity: 1,
  client: 1
}
{
  avatar: null,
  defaultAddress: null,
  lastOperateTime: 2023-09-01T02:12:56.000Z,
  id: 1,
  nikeName: null,
  orderNumber: 0,
  receiveNumber: 0,
  identity: 1,
  client: 1
}
{
  avatar: null,
  defaultAddress: null,
  lastOperateTime: 2023-09-01T02:12:56.000Z,
  id: 1,
  nikeName: null,
  orderNumber: 0,
  receiveNumber: 0,
  identity: 1,
  client: 1
}
{
  avatar: null,
  defaultAddress: null,
  lastOperateTime: 2023-09-01T02:12:56.000Z,
  id: 1,
  nikeName: null,
  orderNumber: 0,
  receiveNumber: 0,
  identity: 1,
  client: 1
}
222222
{
  avatar: null,
  defaultAddress: null,
  lastOperateTime: 2023-09-01T02:12:56.000Z,
  id: 1,
  nikeName: null,
  orderNumber: 0,
  receiveNumber: 0,
  identity: 1,
  client: 1
}
{
  avatar: null,
  defaultAddress: null,
  lastOperateTime: 2023-09-01T13:50:39.000Z,
  id: 5,
  nikeName: null,
  orderNumber: 0,
  receiveNumber: 0,
  identity: 0,
  client: 1
}
{
  avatar: null,
  defaultAddress: null,
  lastOperateTime: 2023-09-01T13:50:39.000Z,
  id: 5,
  nikeName: null,
  orderNumber: 0,
  receiveNumber: 0,
  identity: 0,
  client: 1
}
{
  avatar: null,
  defaultAddress: null,
  lastOperateTime: 2023-09-01T02:12:56.000Z,
  id: 1,
  nikeName: null,
  orderNumber: 0,
  receiveNumber: 0,
  identity: 1,
  client: 1
}
{
  avatar: null,
  defaultAddress: null,
  lastOperateTime: 2023-09-01T02:12:56.000Z,
  id: 1,
  nikeName: null,
  orderNumber: 0,
  receiveNumber: 0,
  identity: 1,
  client: 1
}
{
  avatar: null,
  defaultAddress: null,
  lastOperateTime: 2023-09-01T02:12:56.000Z,
  id: 1,
  nikeName: null,
  orderNumber: 0,
  receiveNumber: 0,
  identity: 1,
  client: 1
}
222222
{
  avatar: null,
  defaultAddress: null,
  lastOperateTime: 2023-09-02T09:28:32.000Z,
  id: 6,
  nikeName: null,
  orderNumber: 0,
  receiveNumber: 0,
  identity: 0,
  client: 1
}
{
  avatar: null,
  defaultAddress: null,
  lastOperateTime: 2023-09-02T09:28:32.000Z,
  id: 6,
  nikeName: null,
  orderNumber: 0,
  receiveNumber: 0,
  identity: 0,
  client: 1
}
{
  avatar: null,
  defaultAddress: null,
  lastOperateTime: 2023-09-02T09:28:32.000Z,
  id: 6,
  nikeName: null,
  orderNumber: 0,
  receiveNumber: 0,
  identity: 0,
  client: 1
}
{
  avatar: null,
  defaultAddress: null,
  lastOperateTime: 2023-09-01T02:12:56.000Z,
  id: 1,
  nikeName: null,
  orderNumber: 0,
  receiveNumber: 0,
  identity: 1,
  client: 1
}
{
  avatar: null,
  defaultAddress: null,
  lastOperateTime: 2023-09-01T02:12:56.000Z,
  id: 1,
  nikeName: null,
  orderNumber: 0,
  receiveNumber: 0,
  identity: 1,
  client: 1
}
{
  avatar: null,
  defaultAddress: null,
  lastOperateTime: 2023-09-01T02:12:56.000Z,
  id: 1,
  nikeName: null,
  orderNumber: 0,
  receiveNumber: 0,
  identity: 1,
  client: 1
}
{
  avatar: null,
  defaultAddress: null,
  lastOperateTime: 2023-09-01T02:12:56.000Z,
  id: 1,
  nikeName: null,
  orderNumber: 0,
  receiveNumber: 0,
  identity: 1,
  client: 1
}
{
  avatar: null,
  defaultAddress: null,
  lastOperateTime: 2023-09-01T02:12:56.000Z,
  id: 1,
  nikeName: null,
  orderNumber: 0,
  receiveNumber: 0,
  identity: 1,
  client: 1
}
{
  avatar: null,
  defaultAddress: null,
  lastOperateTime: 2023-09-01T02:12:56.000Z,
  id: 1,
  nikeName: null,
  orderNumber: 0,
  receiveNumber: 0,
  identity: 1,
  client: 1
}
{
  avatar: null,
  defaultAddress: null,
  lastOperateTime: 2023-09-01T02:12:56.000Z,
  id: 1,
  nikeName: null,
  orderNumber: 0,
  receiveNumber: 0,
  identity: 1,
  client: 1
}
{
  avatar: null,
  defaultAddress: null,
  lastOperateTime: 2023-09-01T02:12:56.000Z,
  id: 1,
  nikeName: null,
  orderNumber: 0,
  receiveNumber: 0,
  identity: 1,
  client: 1
}
{
  avatar: null,
  defaultAddress: null,
  lastOperateTime: 2023-09-01T02:12:56.000Z,
  id: 1,
  nikeName: null,
  orderNumber: 0,
  receiveNumber: 0,
  identity: 1,
  client: 1
}
{
  avatar: null,
  defaultAddress: null,
  lastOperateTime: 2023-09-01T02:12:56.000Z,
  id: 1,
  nikeName: null,
  orderNumber: 0,
  receiveNumber: 0,
  identity: 1,
  client: 1
}
{
  avatar: null,
  defaultAddress: null,
  lastOperateTime: 2023-09-01T02:12:56.000Z,
  id: 1,
  nikeName: null,
  orderNumber: 0,
  receiveNumber: 0,
  identity: 1,
  client: 1
}
{
  avatar: null,
  defaultAddress: null,
  lastOperateTime: 2023-09-01T02:12:56.000Z,
  id: 1,
  nikeName: null,
  orderNumber: 0,
  receiveNumber: 0,
  identity: 1,
  client: 1
}
{
  avatar: null,
  defaultAddress: null,
  lastOperateTime: 2023-09-01T02:12:56.000Z,
  id: 1,
  nikeName: null,
  orderNumber: 0,
  receiveNumber: 0,
  identity: 1,
  client: 1
}
{
  avatar: null,
  defaultAddress: null,
  lastOperateTime: 2023-09-01T02:12:56.000Z,
  id: 1,
  nikeName: null,
  orderNumber: 0,
  receiveNumber: 0,
  identity: 1,
  client: 1
}
{
  avatar: null,
  defaultAddress: null,
  lastOperateTime: 2023-09-01T02:12:56.000Z,
  id: 1,
  nikeName: null,
  orderNumber: 0,
  receiveNumber: 0,
  identity: 1,
  client: 1
}
{
  avatar: null,
  defaultAddress: null,
  lastOperateTime: 2023-09-01T02:12:56.000Z,
  id: 1,
  nikeName: null,
  orderNumber: 0,
  receiveNumber: 0,
  identity: 1,
  client: 1
}

> plus-server@0.0.0 start
> export NODE_ENV=production&& node ./bin/www

2 热派即将开启零食派送，敬请期待 <=========
{
  avatar: null,
  defaultAddress: null,
  lastOperateTime: 2023-09-01T02:12:56.000Z,
  id: 1,
  nikeName: null,
  orderNumber: 0,
  receiveNumber: 0,
  identity: 1,
  client: 1
}
222222
{
  avatar: null,
  defaultAddress: null,
  lastOperateTime: 2023-09-07T03:48:38.000Z,
  id: 9,
  nikeName: null,
  orderNumber: 0,
  receiveNumber: 0,
  identity: 0,
  client: 1
}
{
  avatar: null,
  defaultAddress: null,
  lastOperateTime: 2023-09-07T03:48:38.000Z,
  id: 9,
  nikeName: null,
  orderNumber: 0,
  receiveNumber: 0,
  identity: 0,
  client: 1
}
{
  avatar: null,
  defaultAddress: null,
  lastOperateTime: 2023-09-07T03:48:38.000Z,
  id: 9,
  nikeName: null,
  orderNumber: 0,
  receiveNumber: 0,
  identity: 0,
  client: 1
}
{
  avatar: null,
  defaultAddress: null,
  lastOperateTime: 2023-09-01T02:12:56.000Z,
  id: 1,
  nikeName: null,
  orderNumber: 0,
  receiveNumber: 0,
  identity: 1,
  client: 1
}
222222
{
  avatar: null,
  defaultAddress: null,
  lastOperateTime: 2023-09-07T10:23:48.000Z,
  id: 10,
  nikeName: null,
  orderNumber: 0,
  receiveNumber: 0,
  identity: 0,
  client: 1
}
{
  avatar: null,
  defaultAddress: null,
  lastOperateTime: 2023-09-07T10:23:48.000Z,
  id: 10,
  nikeName: null,
  orderNumber: 0,
  receiveNumber: 0,
  identity: 0,
  client: 1
}
222222
{
  avatar: null,
  defaultAddress: null,
  lastOperateTime: 2023-09-07T10:23:48.000Z,
  id: 10,
  nikeName: null,
  orderNumber: 0,
  receiveNumber: 0,
  identity: 0,
  client: 1
}
2  <=========
notice
swiper
swiper
swiper
{
  avatar: '1694073750331.jpg',
  defaultAddress: null,
  lastOperateTime: 2023-09-01T02:12:56.000Z,
  id: 1,
  nikeName: '小帅',
  orderNumber: 0,
  receiveNumber: 0,
  identity: 1,
  client: 1
}
{
  avatar: '1694073750331.jpg',
  defaultAddress: null,
  lastOperateTime: 2023-09-01T02:12:56.000Z,
  id: 1,
  nikeName: '小帅',
  orderNumber: 0,
  receiveNumber: 0,
  identity: 1,
  client: 1
}
swiper

> plus-server@0.0.0 start
> export NODE_ENV=production&& node ./bin/www

